# JRE version: OpenJDK Runtime Environment Temurin-17.0.7+7 (17.0.7+7) (build 17.0.7+7)
# Java VM: OpenJDK 64-Bit Server VM Temurin-17.0.7+7 (17.0.7+7, mixed mode, emulated-client, tiered, compressed oops, compressed class ptrs, g1 gc, windows-amd64)
GC Precious Log:
 CPUs: 8 total, 8 available
 Memory: 16281M
 Large Page Support: Disabled
 NUMA Support: Disabled
 Compressed Oops: Enabled (Zero based)
 Heap Region Size: 2M
 Heap Min Capacity: 8M
 Heap Initial Capacity: 256M
 Heap Max Capacity: 4072M
 Pre-touch: Disabled
 Parallel Workers: 8
 Concurrent Workers: 2
 Concurrent Refinement Workers: 8
 Periodic GC: Disabled
Heap:
 garbage-first heap   total 96256K, used 38384K [0x0000000701800000, 0x0000000800000000)
  region size 2048K, 12 young (24576K), 4 survivors (8192K)
 Metaspace       used 68602K, committed 69120K, reserved 1114112K
  class space    used 9205K, committed 9472K, reserved 1048576K
GC Heap History (20 events):
Event: 2.140 GC heap before
{Heap before GC invocations=7 (full 0):
 garbage-first heap   total 155648K, used 101072K [0x0000000701800000, 0x0000000800000000)
  region size 2048K, 45 young (92160K), 1 survivors (2048K)
 Metaspace       used 33176K, committed 33472K, reserved 1114112K
  class space    used 4011K, committed 4160K, reserved 1048576K
}
Event: 2.145 GC heap after
{Heap after GC invocations=8 (full 0):
 garbage-first heap   total 155648K, used 13849K [0x0000000701800000, 0x0000000800000000)
  region size 2048K, 3 young (6144K), 3 survivors (6144K)
 Metaspace       used 33176K, committed 33472K, reserved 1114112K
  class space    used 4011K, committed 4160K, reserved 1048576K
}
Event: 2.432 GC heap before
{Heap before GC invocations=8 (full 0):
 garbage-first heap   total 155648K, used 40473K [0x0000000701800000, 0x0000000800000000)
  region size 2048K, 17 young (34816K), 3 survivors (6144K)
 Metaspace       used 35724K, committed 36096K, reserved 1114112K
  class space    used 4399K, committed 4544K, reserved 1048576K
}
Event: 2.437 GC heap after
{Heap after GC invocations=9 (full 0):
 garbage-first heap   total 155648K, used 15414K [0x0000000701800000, 0x0000000800000000)
  region size 2048K, 3 young (6144K), 3 survivors (6144K)
 Metaspace       used 35724K, committed 36096K, reserved 1114112K
  class space    used 4399K, committed 4544K, reserved 1048576K
}
Event: 2.760 GC heap before
{Heap before GC invocations=10 (full 0):
 garbage-first heap   total 69632K, used 54326K [0x0000000701800000, 0x0000000800000000)
  region size 2048K, 22 young (45056K), 3 survivors (6144K)
 Metaspace       used 39150K, committed 39552K, reserved 1114112K
  class space    used 4872K, committed 5056K, reserved 1048576K
}
Event: 2.766 GC heap after
{Heap after GC invocations=11 (full 0):
 garbage-first heap   total 69632K, used 17667K [0x0000000701800000, 0x0000000800000000)
  region size 2048K, 2 young (4096K), 2 survivors (4096K)
 Metaspace       used 39150K, committed 39552K, reserved 1114112K
  class space    used 4872K, committed 5056K, reserved 1048576K
}
Event: 2.776 GC heap before
{Heap before GC invocations=11 (full 0):
 garbage-first heap   total 69632K, used 19715K [0x0000000701800000, 0x0000000800000000)
  region size 2048K, 3 young (6144K), 2 survivors (4096K)
 Metaspace       used 39153K, committed 39680K, reserved 1114112K
  class space    used 4873K, committed 5120K, reserved 1048576K
}
Event: 2.779 GC heap after
{Heap after GC invocations=12 (full 0):
 garbage-first heap   total 69632K, used 18135K [0x0000000701800000, 0x0000000800000000)
  region size 2048K, 1 young (2048K), 1 survivors (2048K)
 Metaspace       used 39153K, committed 39680K, reserved 1114112K
  class space    used 4873K, committed 5120K, reserved 1048576K
}
Event: 3.007 GC heap before
{Heap before GC invocations=12 (full 0):
 garbage-first heap   total 69632K, used 50903K [0x0000000701800000, 0x0000000800000000)
  region size 2048K, 17 young (34816K), 1 survivors (2048K)
 Metaspace       used 41965K, committed 42368K, reserved 1114112K
  class space    used 5255K, committed 5440K, reserved 1048576K
}
Event: 3.009 GC heap after
{Heap after GC invocations=13 (full 0):
 garbage-first heap   total 139264K, used 18125K [0x0000000701800000, 0x0000000800000000)
  region size 2048K, 1 young (2048K), 1 survivors (2048K)
 Metaspace       used 41965K, committed 42368K, reserved 1114112K
  class space    used 5255K, committed 5440K, reserved 1048576K
}
Event: 3.582 GC heap before
{Heap before GC invocations=13 (full 0):
 garbage-first heap   total 139264K, used 97997K [0x0000000701800000, 0x0000000800000000)
  region size 2048K, 40 young (81920K), 1 survivors (2048K)
 Metaspace       used 49612K, committed 50048K, reserved 1114112K
  class space    used 6336K, committed 6528K, reserved 1048576K
}
Event: 3.584 GC heap after
{Heap after GC invocations=14 (full 0):
 garbage-first heap   total 139264K, used 19514K [0x0000000701800000, 0x0000000800000000)
  region size 2048K, 2 young (4096K), 2 survivors (4096K)
 Metaspace       used 49612K, committed 50048K, reserved 1114112K
  class space    used 6336K, committed 6528K, reserved 1048576K
}
Event: 4.107 GC heap before
{Heap before GC invocations=14 (full 0):
 garbage-first heap   total 139264K, used 97338K [0x0000000701800000, 0x0000000800000000)
  region size 2048K, 40 young (81920K), 2 survivors (4096K)
 Metaspace       used 57301K, committed 57792K, reserved 1114112K
  class space    used 7526K, committed 7744K, reserved 1048576K
}
Event: 4.111 GC heap after
{Heap after GC invocations=15 (full 0):
 garbage-first heap   total 139264K, used 21018K [0x0000000701800000, 0x0000000800000000)
  region size 2048K, 2 young (4096K), 2 survivors (4096K)
 Metaspace       used 57301K, committed 57792K, reserved 1114112K
  class space    used 7526K, committed 7744K, reserved 1048576K
}
Event: 4.321 GC heap before
{Heap before GC invocations=15 (full 0):
 garbage-first heap   total 139264K, used 49690K [0x0000000701800000, 0x0000000800000000)
  region size 2048K, 17 young (34816K), 2 survivors (4096K)
 Metaspace       used 59935K, committed 60416K, reserved 1114112K
  class space    used 7944K, committed 8192K, reserved 1048576K
}
Event: 4.324 GC heap after
{Heap after GC invocations=16 (full 0):
 garbage-first heap   total 139264K, used 21518K [0x0000000701800000, 0x0000000800000000)
  region size 2048K, 2 young (4096K), 2 survivors (4096K)
 Metaspace       used 59935K, committed 60416K, reserved 1114112K
  class space    used 7944K, committed 8192K, reserved 1048576K
}
Event: 4.702 GC heap before
{Heap before GC invocations=17 (full 0):
 garbage-first heap   total 96256K, used 74766K [0x0000000701800000, 0x0000000800000000)
  region size 2048K, 28 young (57344K), 2 survivors (4096K)
 Metaspace       used 63593K, committed 64128K, reserved 1114112K
  class space    used 8512K, committed 8768K, reserved 1048576K
}
Event: 4.707 GC heap after
{Heap after GC invocations=18 (full 0):
 garbage-first heap   total 96256K, used 23574K [0x0000000701800000, 0x0000000800000000)
  region size 2048K, 3 young (6144K), 3 survivors (6144K)
 Metaspace       used 63593K, committed 64128K, reserved 1114112K
  class space    used 8512K, committed 8768K, reserved 1048576K
}
Event: 5.658 GC heap before
{Heap before GC invocations=18 (full 0):
 garbage-first heap   total 96256K, used 74774K [0x0000000701800000, 0x0000000800000000)
  region size 2048K, 28 young (57344K), 3 survivors (6144K)
 Metaspace       used 67139K, committed 67648K, reserved 1114112K
  class space    used 9017K, committed 9280K, reserved 1048576K
}
Event: 5.664 GC heap after
{Heap after GC invocations=19 (full 0):
 garbage-first heap   total 96256K, used 26096K [0x0000000701800000, 0x0000000800000000)
  region size 2048K, 4 young (8192K), 4 survivors (8192K)
 Metaspace       used 67139K, committed 67648K, reserved 1114112K
  class space    used 9017K, committed 9280K, reserved 1048576K
}

